Traceback (most recent call last):
  File "/opt/hostedtoolcache/Python/3.12.11/x64/lib/python3.12/site-packages/jupyter_core/utils/__init__.py", line 154, in wrapped
    asyncio.get_running_loop()
RuntimeError: no running event loop

During handling of the above exception, another exception occurred:

Traceback (most recent call last):
  File "/opt/hostedtoolcache/Python/3.12.11/x64/lib/python3.12/site-packages/jupyter_cache/executors/utils.py", line 58, in single_nb_execution
    executenb(
  File "/opt/hostedtoolcache/Python/3.12.11/x64/lib/python3.12/site-packages/nbclient/client.py", line 1319, in execute
    return NotebookClient(nb=nb, resources=resources, km=km, **kwargs).execute()
           ^^^^^^^^^^^^^^^^^^^^^^^^^^^^^^^^^^^^^^^^^^^^^^^^^^^^^^^^^^^^^^^^^^^^^
  File "/opt/hostedtoolcache/Python/3.12.11/x64/lib/python3.12/site-packages/jupyter_core/utils/__init__.py", line 158, in wrapped
    return loop.run_until_complete(inner)
           ^^^^^^^^^^^^^^^^^^^^^^^^^^^^^^
  File "/opt/hostedtoolcache/Python/3.12.11/x64/lib/python3.12/asyncio/base_events.py", line 691, in run_until_complete
    return future.result()
           ^^^^^^^^^^^^^^^
  File "/opt/hostedtoolcache/Python/3.12.11/x64/lib/python3.12/site-packages/nbclient/client.py", line 709, in async_execute
    await self.async_execute_cell(
  File "/opt/hostedtoolcache/Python/3.12.11/x64/lib/python3.12/site-packages/nbclient/client.py", line 1062, in async_execute_cell
    await self._check_raise_for_error(cell, cell_index, exec_reply)
  File "/opt/hostedtoolcache/Python/3.12.11/x64/lib/python3.12/site-packages/nbclient/client.py", line 918, in _check_raise_for_error
    raise CellExecutionError.from_cell_and_msg(cell, exec_reply_content)
nbclient.exceptions.CellExecutionError: An error occurred while executing the following cell:
------------------
from gdm.distribution import DistributionSystem
from gdmloader.constants import GCS_CASE_SOURCE
from gdmloader.source import SystemLoader

gdm_loader = SystemLoader()
gdm_loader.add_source(GCS_CASE_SOURCE)

distribution_system: DistributionSystem = gdm_loader.load_dataset(
    source_name=GCS_CASE_SOURCE.name, 
    system_type=DistributionSystem, 
    dataset_name="three_feeder_switch",
)
distribution_system.name = "three_feeder_switch"
------------------


[31m---------------------------------------------------------------------------[39m
[31mHTTPError[39m                                 Traceback (most recent call last)
[36mCell[39m[36m [39m[32mIn[1][39m[32m, line 2[39m
[32m      1[39m [38;5;28;01mfrom[39;00m[38;5;250m [39m[34;01mgdm[39;00m[34;01m.[39;00m[34;01mdistribution[39;00m[38;5;250m [39m[38;5;28;01mimport[39;00m DistributionSystem
[32m----> [39m[32m2[39m [38;5;28;01mfrom[39;00m[38;5;250m [39m[34;01mgdmloader[39;00m[34;01m.[39;00m[34;01mconstants[39;00m[38;5;250m [39m[38;5;28;01mimport[39;00m GCS_CASE_SOURCE
[32m      3[39m [38;5;28;01mfrom[39;00m[38;5;250m [39m[34;01mgdmloader[39;00m[34;01m.[39;00m[34;01msource[39;00m[38;5;250m [39m[38;5;28;01mimport[39;00m SystemLoader
[32m      5[39m gdm_loader = SystemLoader()

[36mFile [39m[32m/opt/hostedtoolcache/Python/3.12.11/x64/lib/python3.12/site-packages/gdmloader/constants.py:6[39m
[32m      2[39m [38;5;28;01mfrom[39;00m[38;5;250m [39m[34;01mgdmloader[39;00m[34;01m.[39;00m[34;01msource[39;00m[38;5;250m [39m[38;5;28;01mimport[39;00m SourceModel
[32m      3[39m [38;5;28;01mimport[39;00m[38;5;250m [39m[34;01mfsspec[39;00m
[32m      5[39m GDM_CASE_SOURCE = SourceModel(
[32m----> [39m[32m6[39m     fs=[43mfsspec[49m[43m.[49m[43mfilesystem[49m[43m([49m[33;43m"[39;49m[33;43mgithub[39;49m[33;43m"[39;49m[43m,[49m[43m [49m[43morg[49m[43m=[49m[33;43m"[39;49m[33;43mNREL-Distribution-Suites[39;49m[33;43m"[39;49m[43m,[49m[43m [49m[43mrepo[49m[43m=[49m[33;43m"[39;49m[33;43mgdm-cases[39;49m[33;43m"[39;49m[43m,[49m[43m [49m[43mbranch[49m[43m=[49m[33;43m"[39;49m[33;43mmain[39;49m[33;43m"[39;49m[43m)[49m,
[32m      7[39m     name=[33m"[39m[33mgdm-cases[39m[33m"[39m,
[32m      8[39m     url=[33m"[39m[33mhttps://github.com/NREL-Distribution-Suites/gdm-cases[39m[33m"[39m,
[32m      9[39m     folder=[33m"[39m[33mdata[39m[33m"[39m,
[32m     10[39m )
[32m     12[39m GCS_CASE_SOURCE = SourceModel(
[32m     13[39m     fs=fsspec.filesystem([33m"[39m[33mgcs[39m[33m"[39m),
[32m     14[39m     name=[33m"[39m[33mgdm_data[39m[33m"[39m,
[32m     15[39m     url=[33m"[39m[33mhttps://storage.googleapis.com/gdm_data[39m[33m"[39m,
[32m     16[39m     folder=[33m"[39m[33mdata[39m[33m"[39m,
[32m     17[39m )

[36mFile [39m[32m/opt/hostedtoolcache/Python/3.12.11/x64/lib/python3.12/site-packages/fsspec/registry.py:310[39m, in [36mfilesystem[39m[34m(protocol, **storage_options)[39m
[32m    303[39m     warnings.warn(
[32m    304[39m         [33m"[39m[33mThe [39m[33m'[39m[33marrow_hdfs[39m[33m'[39m[33m protocol has been deprecated and will be [39m[33m"[39m
[32m    305[39m         [33m"[39m[33mremoved in the future. Specify it as [39m[33m'[39m[33mhdfs[39m[33m'[39m[33m.[39m[33m"[39m,
[32m    306[39m         [38;5;167;01mDeprecationWarning[39;00m,
[32m    307[39m     )
[32m    309[39m [38;5;28mcls[39m = get_filesystem_class(protocol)
[32m--> [39m[32m310[39m [38;5;28;01mreturn[39;00m [38;5;28;43mcls[39;49m[43m([49m[43m*[49m[43m*[49m[43mstorage_options[49m[43m)[49m

[36mFile [39m[32m/opt/hostedtoolcache/Python/3.12.11/x64/lib/python3.12/site-packages/fsspec/spec.py:81[39m, in [36m_Cached.__call__[39m[34m(cls, *args, **kwargs)[39m
[32m     79[39m     [38;5;28;01mreturn[39;00m [38;5;28mcls[39m._cache[token]
[32m     80[39m [38;5;28;01melse[39;00m:
[32m---> [39m[32m81[39m     obj = [38;5;28;43msuper[39;49m[43m([49m[43m)[49m[43m.[49m[34;43m__call__[39;49m[43m([49m[43m*[49m[43margs[49m[43m,[49m[43m [49m[43m*[49m[43m*[49m[43mkwargs[49m[43m)[49m
[32m     82[39m     [38;5;66;03m# Setting _fs_token here causes some static linters to complain.[39;00m
[32m     83[39m     obj._fs_token_ = token

[36mFile [39m[32m/opt/hostedtoolcache/Python/3.12.11/x64/lib/python3.12/site-packages/fsspec/implementations/github.py:63[39m, in [36mGithubFileSystem.__init__[39m[34m(self, org, repo, sha, username, token, timeout, **kwargs)[39m
[32m     59[39m     u = [33m"[39m[33mhttps://api.github.com/repos/[39m[38;5;132;01m{org}[39;00m[33m/[39m[38;5;132;01m{repo}[39;00m[33m"[39m
[32m     60[39m     r = requests.get(
[32m     61[39m         u.format(org=org, repo=repo), timeout=[38;5;28mself[39m.timeout, **[38;5;28mself[39m.kw
[32m     62[39m     )
[32m---> [39m[32m63[39m     [43mr[49m[43m.[49m[43mraise_for_status[49m[43m([49m[43m)[49m
[32m     64[39m     sha = r.json()[[33m"[39m[33mdefault_branch[39m[33m"[39m]
[32m     66[39m [38;5;28mself[39m.root = sha

[36mFile [39m[32m/opt/hostedtoolcache/Python/3.12.11/x64/lib/python3.12/site-packages/requests/models.py:1026[39m, in [36mResponse.raise_for_status[39m[34m(self)[39m
[32m   1021[39m     http_error_msg = (
[32m   1022[39m         [33mf[39m[33m"[39m[38;5;132;01m{[39;00m[38;5;28mself[39m.status_code[38;5;132;01m}[39;00m[33m Server Error: [39m[38;5;132;01m{[39;00mreason[38;5;132;01m}[39;00m[33m for url: [39m[38;5;132;01m{[39;00m[38;5;28mself[39m.url[38;5;132;01m}[39;00m[33m"[39m
[32m   1023[39m     )
[32m   1025[39m [38;5;28;01mif[39;00m http_error_msg:
[32m-> [39m[32m1026[39m     [38;5;28;01mraise[39;00m HTTPError(http_error_msg, response=[38;5;28mself[39m)

[31mHTTPError[39m: 403 Client Error: rate limit exceeded for url: https://api.github.com/repos/NREL-Distribution-Suites/gdm-cases

